12-07 21:36:13 com_github_MitjaNemec_PlaceFootprints.action_place_footprints 378:Plugin executed on: 'win32'
12-07 21:36:13 com_github_MitjaNemec_PlaceFootprints.action_place_footprints 379:Plugin executed with python version: '3.9.14 (main, Sep 19 2022, 05:11:57) [MSC v.1932 64 bit (AMD64)]'
12-07 21:36:13 com_github_MitjaNemec_PlaceFootprints.action_place_footprints 380:KiCad build version: (6.0.9)
12-07 21:36:13 com_github_MitjaNemec_PlaceFootprints.action_place_footprints 381:Plugin version: 1.2.3
12-07 21:36:13 com_github_MitjaNemec_PlaceFootprints.action_place_footprints 382:Frame repr: <wx._core.Frame object at 0x00000201CE12B5E0>
12-07 21:36:13 com_github_MitjaNemec_PlaceFootprints.place_footprints 121:getting a list of all footprints on board
12-07 21:36:13 com_github_MitjaNemec_PlaceFootprints.place_footprints 148:Footprint D84 on root level
12-07 21:36:13 com_github_MitjaNemec_PlaceFootprints.place_footprints 148:Footprint D83 on root level
12-07 21:36:13 com_github_MitjaNemec_PlaceFootprints.place_footprints 148:Footprint D82 on root level
12-07 21:36:13 com_github_MitjaNemec_PlaceFootprints.place_footprints 148:Footprint D81 on root level
12-07 21:36:13 com_github_MitjaNemec_PlaceFootprints.place_footprints 148:Footprint D80 on root level
12-07 21:36:13 com_github_MitjaNemec_PlaceFootprints.place_footprints 148:Footprint D79 on root level
12-07 21:36:13 com_github_MitjaNemec_PlaceFootprints.place_footprints 148:Footprint D78 on root level
12-07 21:36:13 com_github_MitjaNemec_PlaceFootprints.place_footprints 148:Footprint D77 on root level
12-07 21:36:13 com_github_MitjaNemec_PlaceFootprints.place_footprints 148:Footprint D76 on root level
12-07 21:36:13 com_github_MitjaNemec_PlaceFootprints.place_footprints 148:Footprint D75 on root level
12-07 21:36:13 com_github_MitjaNemec_PlaceFootprints.place_footprints 148:Footprint D74 on root level
12-07 21:36:13 com_github_MitjaNemec_PlaceFootprints.place_footprints 148:Footprint D73 on root level
12-07 21:36:13 com_github_MitjaNemec_PlaceFootprints.place_footprints 148:Footprint C84 on root level
12-07 21:36:13 com_github_MitjaNemec_PlaceFootprints.place_footprints 148:Footprint C83 on root level
12-07 21:36:13 com_github_MitjaNemec_PlaceFootprints.place_footprints 148:Footprint C82 on root level
12-07 21:36:13 com_github_MitjaNemec_PlaceFootprints.place_footprints 148:Footprint C81 on root level
12-07 21:36:13 com_github_MitjaNemec_PlaceFootprints.place_footprints 148:Footprint C80 on root level
12-07 21:36:13 com_github_MitjaNemec_PlaceFootprints.place_footprints 148:Footprint C79 on root level
12-07 21:36:13 com_github_MitjaNemec_PlaceFootprints.place_footprints 148:Footprint C78 on root level
12-07 21:36:13 com_github_MitjaNemec_PlaceFootprints.place_footprints 148:Footprint C77 on root level
12-07 21:36:13 com_github_MitjaNemec_PlaceFootprints.place_footprints 148:Footprint C76 on root level
12-07 21:36:13 com_github_MitjaNemec_PlaceFootprints.place_footprints 148:Footprint C75 on root level
12-07 21:36:13 com_github_MitjaNemec_PlaceFootprints.place_footprints 148:Footprint C74 on root level
12-07 21:36:13 com_github_MitjaNemec_PlaceFootprints.place_footprints 148:Footprint C73 on root level
12-07 21:36:13 com_github_MitjaNemec_PlaceFootprints.place_footprints 148:Footprint D72 on root level
12-07 21:36:13 com_github_MitjaNemec_PlaceFootprints.place_footprints 148:Footprint D71 on root level
12-07 21:36:13 com_github_MitjaNemec_PlaceFootprints.place_footprints 148:Footprint D70 on root level
12-07 21:36:13 com_github_MitjaNemec_PlaceFootprints.place_footprints 148:Footprint D69 on root level
12-07 21:36:13 com_github_MitjaNemec_PlaceFootprints.place_footprints 148:Footprint D68 on root level
12-07 21:36:13 com_github_MitjaNemec_PlaceFootprints.place_footprints 148:Footprint D67 on root level
12-07 21:36:13 com_github_MitjaNemec_PlaceFootprints.place_footprints 148:Footprint D66 on root level
12-07 21:36:13 com_github_MitjaNemec_PlaceFootprints.place_footprints 148:Footprint D65 on root level
12-07 21:36:13 com_github_MitjaNemec_PlaceFootprints.place_footprints 148:Footprint D64 on root level
12-07 21:36:13 com_github_MitjaNemec_PlaceFootprints.place_footprints 148:Footprint D63 on root level
12-07 21:36:13 com_github_MitjaNemec_PlaceFootprints.place_footprints 148:Footprint D62 on root level
12-07 21:36:13 com_github_MitjaNemec_PlaceFootprints.place_footprints 148:Footprint D61 on root level
12-07 21:36:13 com_github_MitjaNemec_PlaceFootprints.place_footprints 148:Footprint C72 on root level
12-07 21:36:13 com_github_MitjaNemec_PlaceFootprints.place_footprints 148:Footprint C71 on root level
12-07 21:36:13 com_github_MitjaNemec_PlaceFootprints.place_footprints 148:Footprint C70 on root level
12-07 21:36:13 com_github_MitjaNemec_PlaceFootprints.place_footprints 148:Footprint C69 on root level
12-07 21:36:13 com_github_MitjaNemec_PlaceFootprints.place_footprints 148:Footprint C68 on root level
12-07 21:36:13 com_github_MitjaNemec_PlaceFootprints.place_footprints 148:Footprint C67 on root level
12-07 21:36:13 com_github_MitjaNemec_PlaceFootprints.place_footprints 148:Footprint C66 on root level
12-07 21:36:13 com_github_MitjaNemec_PlaceFootprints.place_footprints 148:Footprint C65 on root level
12-07 21:36:13 com_github_MitjaNemec_PlaceFootprints.place_footprints 148:Footprint C64 on root level
12-07 21:36:13 com_github_MitjaNemec_PlaceFootprints.place_footprints 148:Footprint C63 on root level
12-07 21:36:13 com_github_MitjaNemec_PlaceFootprints.place_footprints 148:Footprint C62 on root level
12-07 21:36:13 com_github_MitjaNemec_PlaceFootprints.place_footprints 148:Footprint C61 on root level
12-07 21:36:13 com_github_MitjaNemec_PlaceFootprints.place_footprints 148:Footprint D60 on root level
12-07 21:36:13 com_github_MitjaNemec_PlaceFootprints.place_footprints 148:Footprint D59 on root level
12-07 21:36:13 com_github_MitjaNemec_PlaceFootprints.place_footprints 148:Footprint D58 on root level
12-07 21:36:13 com_github_MitjaNemec_PlaceFootprints.place_footprints 148:Footprint D57 on root level
12-07 21:36:13 com_github_MitjaNemec_PlaceFootprints.place_footprints 148:Footprint D56 on root level
12-07 21:36:13 com_github_MitjaNemec_PlaceFootprints.place_footprints 148:Footprint D55 on root level
12-07 21:36:13 com_github_MitjaNemec_PlaceFootprints.place_footprints 148:Footprint D54 on root level
12-07 21:36:13 com_github_MitjaNemec_PlaceFootprints.place_footprints 148:Footprint D53 on root level
12-07 21:36:13 com_github_MitjaNemec_PlaceFootprints.place_footprints 148:Footprint D52 on root level
12-07 21:36:13 com_github_MitjaNemec_PlaceFootprints.place_footprints 148:Footprint D51 on root level
12-07 21:36:13 com_github_MitjaNemec_PlaceFootprints.place_footprints 148:Footprint D50 on root level
12-07 21:36:13 com_github_MitjaNemec_PlaceFootprints.place_footprints 148:Footprint D49 on root level
12-07 21:36:13 com_github_MitjaNemec_PlaceFootprints.place_footprints 148:Footprint C60 on root level
12-07 21:36:13 com_github_MitjaNemec_PlaceFootprints.place_footprints 148:Footprint C59 on root level
12-07 21:36:13 com_github_MitjaNemec_PlaceFootprints.place_footprints 148:Footprint C58 on root level
12-07 21:36:13 com_github_MitjaNemec_PlaceFootprints.place_footprints 148:Footprint C57 on root level
12-07 21:36:13 com_github_MitjaNemec_PlaceFootprints.place_footprints 148:Footprint C56 on root level
12-07 21:36:13 com_github_MitjaNemec_PlaceFootprints.place_footprints 148:Footprint C55 on root level
12-07 21:36:13 com_github_MitjaNemec_PlaceFootprints.place_footprints 148:Footprint C54 on root level
12-07 21:36:13 com_github_MitjaNemec_PlaceFootprints.place_footprints 148:Footprint C53 on root level
12-07 21:36:13 com_github_MitjaNemec_PlaceFootprints.place_footprints 148:Footprint C52 on root level
12-07 21:36:13 com_github_MitjaNemec_PlaceFootprints.place_footprints 148:Footprint C51 on root level
12-07 21:36:13 com_github_MitjaNemec_PlaceFootprints.place_footprints 148:Footprint C50 on root level
12-07 21:36:13 com_github_MitjaNemec_PlaceFootprints.place_footprints 148:Footprint C49 on root level
12-07 21:36:13 com_github_MitjaNemec_PlaceFootprints.place_footprints 148:Footprint D48 on root level
12-07 21:36:13 com_github_MitjaNemec_PlaceFootprints.place_footprints 148:Footprint D47 on root level
12-07 21:36:13 com_github_MitjaNemec_PlaceFootprints.place_footprints 148:Footprint D46 on root level
12-07 21:36:13 com_github_MitjaNemec_PlaceFootprints.place_footprints 148:Footprint D45 on root level
12-07 21:36:13 com_github_MitjaNemec_PlaceFootprints.place_footprints 148:Footprint D44 on root level
12-07 21:36:13 com_github_MitjaNemec_PlaceFootprints.place_footprints 148:Footprint D43 on root level
12-07 21:36:13 com_github_MitjaNemec_PlaceFootprints.place_footprints 148:Footprint D42 on root level
12-07 21:36:13 com_github_MitjaNemec_PlaceFootprints.place_footprints 148:Footprint D41 on root level
12-07 21:36:13 com_github_MitjaNemec_PlaceFootprints.place_footprints 148:Footprint D40 on root level
12-07 21:36:13 com_github_MitjaNemec_PlaceFootprints.place_footprints 148:Footprint D39 on root level
12-07 21:36:13 com_github_MitjaNemec_PlaceFootprints.place_footprints 148:Footprint D38 on root level
12-07 21:36:13 com_github_MitjaNemec_PlaceFootprints.place_footprints 148:Footprint D37 on root level
12-07 21:36:13 com_github_MitjaNemec_PlaceFootprints.place_footprints 148:Footprint D36 on root level
12-07 21:36:13 com_github_MitjaNemec_PlaceFootprints.place_footprints 148:Footprint D35 on root level
12-07 21:36:13 com_github_MitjaNemec_PlaceFootprints.place_footprints 148:Footprint D34 on root level
12-07 21:36:13 com_github_MitjaNemec_PlaceFootprints.place_footprints 148:Footprint D33 on root level
12-07 21:36:13 com_github_MitjaNemec_PlaceFootprints.place_footprints 148:Footprint D32 on root level
12-07 21:36:13 com_github_MitjaNemec_PlaceFootprints.place_footprints 148:Footprint D31 on root level
12-07 21:36:13 com_github_MitjaNemec_PlaceFootprints.place_footprints 148:Footprint D30 on root level
12-07 21:36:13 com_github_MitjaNemec_PlaceFootprints.place_footprints 148:Footprint D29 on root level
12-07 21:36:13 com_github_MitjaNemec_PlaceFootprints.place_footprints 148:Footprint D28 on root level
12-07 21:36:13 com_github_MitjaNemec_PlaceFootprints.place_footprints 148:Footprint D27 on root level
12-07 21:36:13 com_github_MitjaNemec_PlaceFootprints.place_footprints 148:Footprint D26 on root level
12-07 21:36:13 com_github_MitjaNemec_PlaceFootprints.place_footprints 148:Footprint D25 on root level
12-07 21:36:13 com_github_MitjaNemec_PlaceFootprints.place_footprints 148:Footprint D24 on root level
12-07 21:36:13 com_github_MitjaNemec_PlaceFootprints.place_footprints 148:Footprint D23 on root level
12-07 21:36:13 com_github_MitjaNemec_PlaceFootprints.place_footprints 148:Footprint D22 on root level
12-07 21:36:13 com_github_MitjaNemec_PlaceFootprints.place_footprints 148:Footprint D21 on root level
12-07 21:36:13 com_github_MitjaNemec_PlaceFootprints.place_footprints 148:Footprint D20 on root level
12-07 21:36:13 com_github_MitjaNemec_PlaceFootprints.place_footprints 148:Footprint D19 on root level
12-07 21:36:13 com_github_MitjaNemec_PlaceFootprints.place_footprints 148:Footprint D18 on root level
12-07 21:36:13 com_github_MitjaNemec_PlaceFootprints.place_footprints 148:Footprint D17 on root level
12-07 21:36:13 com_github_MitjaNemec_PlaceFootprints.place_footprints 148:Footprint D16 on root level
12-07 21:36:13 com_github_MitjaNemec_PlaceFootprints.place_footprints 148:Footprint D15 on root level
12-07 21:36:13 com_github_MitjaNemec_PlaceFootprints.place_footprints 148:Footprint D14 on root level
12-07 21:36:13 com_github_MitjaNemec_PlaceFootprints.place_footprints 148:Footprint D13 on root level
12-07 21:36:13 com_github_MitjaNemec_PlaceFootprints.place_footprints 148:Footprint C48 on root level
12-07 21:36:13 com_github_MitjaNemec_PlaceFootprints.place_footprints 148:Footprint C47 on root level
12-07 21:36:13 com_github_MitjaNemec_PlaceFootprints.place_footprints 148:Footprint C46 on root level
12-07 21:36:13 com_github_MitjaNemec_PlaceFootprints.place_footprints 148:Footprint C45 on root level
12-07 21:36:13 com_github_MitjaNemec_PlaceFootprints.place_footprints 148:Footprint C44 on root level
12-07 21:36:13 com_github_MitjaNemec_PlaceFootprints.place_footprints 148:Footprint C43 on root level
12-07 21:36:13 com_github_MitjaNemec_PlaceFootprints.place_footprints 148:Footprint C42 on root level
12-07 21:36:13 com_github_MitjaNemec_PlaceFootprints.place_footprints 148:Footprint C41 on root level
12-07 21:36:13 com_github_MitjaNemec_PlaceFootprints.place_footprints 148:Footprint C40 on root level
12-07 21:36:13 com_github_MitjaNemec_PlaceFootprints.place_footprints 148:Footprint C39 on root level
12-07 21:36:13 com_github_MitjaNemec_PlaceFootprints.place_footprints 148:Footprint C38 on root level
12-07 21:36:13 com_github_MitjaNemec_PlaceFootprints.place_footprints 148:Footprint C37 on root level
12-07 21:36:13 com_github_MitjaNemec_PlaceFootprints.place_footprints 148:Footprint C36 on root level
12-07 21:36:13 com_github_MitjaNemec_PlaceFootprints.place_footprints 148:Footprint C35 on root level
12-07 21:36:13 com_github_MitjaNemec_PlaceFootprints.place_footprints 148:Footprint C34 on root level
12-07 21:36:13 com_github_MitjaNemec_PlaceFootprints.place_footprints 148:Footprint C33 on root level
12-07 21:36:13 com_github_MitjaNemec_PlaceFootprints.place_footprints 148:Footprint C32 on root level
12-07 21:36:13 com_github_MitjaNemec_PlaceFootprints.place_footprints 148:Footprint C31 on root level
12-07 21:36:13 com_github_MitjaNemec_PlaceFootprints.place_footprints 148:Footprint C30 on root level
12-07 21:36:13 com_github_MitjaNemec_PlaceFootprints.place_footprints 148:Footprint C29 on root level
12-07 21:36:13 com_github_MitjaNemec_PlaceFootprints.place_footprints 148:Footprint C28 on root level
12-07 21:36:13 com_github_MitjaNemec_PlaceFootprints.place_footprints 148:Footprint C27 on root level
12-07 21:36:13 com_github_MitjaNemec_PlaceFootprints.place_footprints 148:Footprint C26 on root level
12-07 21:36:13 com_github_MitjaNemec_PlaceFootprints.place_footprints 148:Footprint C25 on root level
12-07 21:36:13 com_github_MitjaNemec_PlaceFootprints.place_footprints 148:Footprint C24 on root level
12-07 21:36:13 com_github_MitjaNemec_PlaceFootprints.place_footprints 148:Footprint C23 on root level
12-07 21:36:13 com_github_MitjaNemec_PlaceFootprints.place_footprints 148:Footprint C22 on root level
12-07 21:36:13 com_github_MitjaNemec_PlaceFootprints.place_footprints 148:Footprint C21 on root level
12-07 21:36:13 com_github_MitjaNemec_PlaceFootprints.place_footprints 148:Footprint C20 on root level
12-07 21:36:13 com_github_MitjaNemec_PlaceFootprints.place_footprints 148:Footprint C19 on root level
12-07 21:36:13 com_github_MitjaNemec_PlaceFootprints.place_footprints 148:Footprint C18 on root level
12-07 21:36:13 com_github_MitjaNemec_PlaceFootprints.place_footprints 148:Footprint C17 on root level
12-07 21:36:13 com_github_MitjaNemec_PlaceFootprints.place_footprints 148:Footprint C16 on root level
12-07 21:36:13 com_github_MitjaNemec_PlaceFootprints.place_footprints 148:Footprint C15 on root level
12-07 21:36:13 com_github_MitjaNemec_PlaceFootprints.place_footprints 148:Footprint C14 on root level
12-07 21:36:13 com_github_MitjaNemec_PlaceFootprints.place_footprints 148:Footprint C13 on root level
12-07 21:36:13 com_github_MitjaNemec_PlaceFootprints.place_footprints 148:Footprint C12 on root level
12-07 21:36:13 com_github_MitjaNemec_PlaceFootprints.place_footprints 148:Footprint C11 on root level
12-07 21:36:13 com_github_MitjaNemec_PlaceFootprints.place_footprints 148:Footprint C10 on root level
12-07 21:36:13 com_github_MitjaNemec_PlaceFootprints.place_footprints 148:Footprint C9 on root level
12-07 21:36:13 com_github_MitjaNemec_PlaceFootprints.place_footprints 148:Footprint C8 on root level
12-07 21:36:13 com_github_MitjaNemec_PlaceFootprints.place_footprints 148:Footprint C7 on root level
12-07 21:36:13 com_github_MitjaNemec_PlaceFootprints.place_footprints 148:Footprint C6 on root level
12-07 21:36:13 com_github_MitjaNemec_PlaceFootprints.place_footprints 148:Footprint C5 on root level
12-07 21:36:13 com_github_MitjaNemec_PlaceFootprints.place_footprints 148:Footprint C4 on root level
12-07 21:36:13 com_github_MitjaNemec_PlaceFootprints.place_footprints 148:Footprint C3 on root level
12-07 21:36:13 com_github_MitjaNemec_PlaceFootprints.place_footprints 148:Footprint C2 on root level
12-07 21:36:13 com_github_MitjaNemec_PlaceFootprints.place_footprints 148:Footprint C1 on root level
12-07 21:36:13 com_github_MitjaNemec_PlaceFootprints.place_footprints 148:Footprint D12 on root level
12-07 21:36:13 com_github_MitjaNemec_PlaceFootprints.place_footprints 148:Footprint D11 on root level
12-07 21:36:13 com_github_MitjaNemec_PlaceFootprints.place_footprints 148:Footprint D10 on root level
12-07 21:36:13 com_github_MitjaNemec_PlaceFootprints.place_footprints 148:Footprint D9 on root level
12-07 21:36:13 com_github_MitjaNemec_PlaceFootprints.place_footprints 148:Footprint D8 on root level
12-07 21:36:13 com_github_MitjaNemec_PlaceFootprints.place_footprints 148:Footprint D7 on root level
12-07 21:36:13 com_github_MitjaNemec_PlaceFootprints.place_footprints 148:Footprint D6 on root level
12-07 21:36:13 com_github_MitjaNemec_PlaceFootprints.place_footprints 148:Footprint D5 on root level
12-07 21:36:13 com_github_MitjaNemec_PlaceFootprints.place_footprints 148:Footprint D4 on root level
12-07 21:36:13 com_github_MitjaNemec_PlaceFootprints.place_footprints 148:Footprint D3 on root level
12-07 21:36:13 com_github_MitjaNemec_PlaceFootprints.place_footprints 148:Footprint D2 on root level
12-07 21:36:13 com_github_MitjaNemec_PlaceFootprints.place_footprints 148:Footprint D1 on root level
12-07 21:36:14 com_github_MitjaNemec_PlaceFootprints.action_place_footprints 570:Reference designator is: C
12-07 21:36:14 com_github_MitjaNemec_PlaceFootprints.action_place_footprints 571:Reference number is: 1
12-07 21:36:14 com_github_MitjaNemec_PlaceFootprints.action_place_footprints 603:Sorted and filtered list:
['C1', 'C2', 'C3', 'C4', 'C5', 'C6', 'C7', 'C8', 'C9', 'C10', 'C11', 'C12', 'C13', 'C14', 'C15', 'C16', 'C17', 'C18', 'C19', 'C20', 'C21', 'C22', 'C23', 'C24', 'C25', 'C26', 'C27', 'C28', 'C29', 'C30', 'C31', 'C32', 'C33', 'C34', 'C35', 'C36', 'C37', 'C38', 'C39', 'C40', 'C41', 'C42', 'C43', 'C44', 'C45', 'C46', 'C47', 'C48', 'C49', 'C50', 'C51', 'C52', 'C53', 'C54', 'C55', 'C56', 'C57', 'C58', 'C59', 'C60', 'C61', 'C62', 'C63', 'C64', 'C65', 'C66', 'C67', 'C68', 'C69', 'C70', 'C71', 'C72', 'C73', 'C74', 'C75', 'C76', 'C77', 'C78', 'C79', 'C80', 'C81', 'C82', 'C83', 'C84']
12-07 21:36:19 com_github_MitjaNemec_PlaceFootprints.action_place_footprints 641:Footprints to place:
['C1', 'C2', 'C3', 'C4', 'C5', 'C6', 'C7', 'C8', 'C9', 'C10', 'C11', 'C12', 'C13', 'C14', 'C15', 'C16', 'C17', 'C18', 'C19', 'C20', 'C21', 'C22', 'C23', 'C24', 'C25', 'C26', 'C27', 'C28', 'C29', 'C30', 'C31', 'C32', 'C33', 'C34', 'C35', 'C36', 'C37', 'C38', 'C39', 'C40', 'C41', 'C42', 'C43', 'C44', 'C45', 'C46', 'C47', 'C48', 'C49', 'C50', 'C51', 'C52', 'C53', 'C54', 'C55', 'C56', 'C57', 'C58', 'C59', 'C60', 'C61', 'C62', 'C63', 'C64', 'C65', 'C66', 'C67', 'C68', 'C69', 'C70', 'C71', 'C72', 'C73', 'C74', 'C75', 'C76', 'C77', 'C78', 'C79', 'C80', 'C81', 'C82', 'C83', 'C84']
12-07 21:36:19 com_github_MitjaNemec_PlaceFootprints.place_footprints 296:Starting placing with linear layout
12-07 21:36:19 com_github_MitjaNemec_PlaceFootprints.action_place_footprints 685:Placing complete
