2022-12-04 18:30:44.953 [main] INFO  Freerouting v1.6.2 (build-date: 2022-07-13)
2022-12-04 18:30:44.966 [main] INFO  Opening 'C:/Users/Envy/Documents/GitHub/Env-H88-KA-COM/KiCad files\freerouting.dsn'...
2022-12-04 18:30:45.950 [main] INFO  Opening 'freerouting.rules'...
2022-12-04 18:30:45.951 [main] ERROR File 'freerouting.rules' was not found.
2022-12-04 18:30:46.043 [Thread-0] INFO  Starting auto-routing...
2022-12-04 18:30:46.044 [main] TRACE Method 'MainApplication.main()' was performed in 1.15 seconds.
2022-12-04 18:30:46.427 [Thread-0] WARN  FloatLine: Parameter is null
2022-12-04 18:30:46.433 [Thread-0] WARN  FloatLine: Parameter is null
2022-12-04 18:30:46.446 [Thread-0] WARN  FloatLine: Parameter is null
2022-12-04 18:30:46.450 [Thread-0] WARN  FloatLine: Parameter is null
2022-12-04 18:30:46.454 [Thread-0] WARN  FloatLine: Parameter is null
2022-12-04 18:30:46.460 [Thread-0] WARN  FloatLine: Parameter is null
2022-12-04 18:30:46.463 [Thread-0] WARN  FloatLine: Parameter is null
2022-12-04 18:30:46.468 [Thread-0] WARN  FloatLine: Parameter is null
2022-12-04 18:30:46.490 [Thread-0] WARN  FloatLine: Parameter is null
2022-12-04 18:30:46.497 [Thread-0] WARN  FloatLine: Parameter is null
2022-12-04 18:30:46.502 [Thread-0] WARN  FloatLine: Parameter is null
2022-12-04 18:30:46.511 [Thread-0] WARN  FloatLine: Parameter is null
2022-12-04 18:30:46.518 [Thread-0] WARN  FloatLine: Parameter is null
2022-12-04 18:30:46.525 [Thread-0] WARN  FloatLine: Parameter is null
2022-12-04 18:30:46.532 [Thread-0] WARN  FloatLine: Parameter is null
2022-12-04 18:30:46.540 [Thread-0] WARN  FloatLine: Parameter is null
2022-12-04 18:30:46.547 [Thread-0] WARN  FloatLine: Parameter is null
2022-12-04 18:30:46.555 [Thread-0] WARN  FloatLine: Parameter is null
2022-12-04 18:30:46.562 [Thread-0] WARN  FloatLine: Parameter is null
2022-12-04 18:30:46.572 [Thread-0] WARN  FloatLine: Parameter is null
2022-12-04 18:30:46.584 [Thread-0] WARN  FloatLine: Parameter is null
2022-12-04 18:30:46.593 [Thread-0] WARN  FloatLine: Parameter is null
2022-12-04 18:30:46.602 [Thread-0] WARN  FloatLine: Parameter is null
2022-12-04 18:30:46.612 [Thread-0] WARN  FloatLine: Parameter is null
2022-12-04 18:30:46.621 [Thread-0] WARN  FloatLine: Parameter is null
2022-12-04 18:30:46.628 [Thread-0] WARN  FloatLine: Parameter is null
2022-12-04 18:30:46.638 [Thread-0] WARN  FloatLine: Parameter is null
2022-12-04 18:30:46.646 [Thread-0] WARN  FloatLine: Parameter is null
2022-12-04 18:30:46.654 [Thread-0] WARN  FloatLine: Parameter is null
2022-12-04 18:30:46.664 [Thread-0] WARN  FloatLine: Parameter is null
2022-12-04 18:30:46.675 [Thread-0] WARN  FloatLine: Parameter is null
2022-12-04 18:30:46.682 [Thread-0] WARN  FloatLine: Parameter is null
2022-12-04 18:30:46.687 [Thread-0] WARN  FloatLine: Parameter is null
2022-12-04 18:30:46.692 [Thread-0] WARN  FloatLine: Parameter is null
2022-12-04 18:30:46.697 [Thread-0] WARN  FloatLine: Parameter is null
2022-12-04 18:30:46.703 [Thread-0] WARN  FloatLine: Parameter is null
2022-12-04 18:30:46.709 [Thread-0] WARN  FloatLine: Parameter is null
2022-12-04 18:30:46.713 [Thread-0] WARN  FloatLine: Parameter is null
2022-12-04 18:30:46.719 [Thread-0] WARN  FloatLine: Parameter is null
2022-12-04 18:30:46.723 [Thread-0] WARN  FloatLine: Parameter is null
2022-12-04 18:30:46.729 [Thread-0] WARN  FloatLine: Parameter is null
2022-12-04 18:30:46.732 [Thread-0] WARN  FloatLine: Parameter is null
2022-12-04 18:30:46.736 [Thread-0] WARN  FloatLine: Parameter is null
2022-12-04 18:30:46.739 [Thread-0] WARN  FloatLine: Parameter is null
2022-12-04 18:30:46.742 [Thread-0] WARN  FloatLine: Parameter is null
2022-12-04 18:30:46.745 [Thread-0] WARN  FloatLine: Parameter is null
2022-12-04 18:30:46.748 [Thread-0] WARN  FloatLine: Parameter is null
2022-12-04 18:30:46.751 [Thread-0] WARN  FloatLine: Parameter is null
2022-12-04 18:30:46.754 [Thread-0] WARN  FloatLine: Parameter is null
2022-12-04 18:30:46.758 [Thread-0] WARN  FloatLine: Parameter is null
2022-12-04 18:30:46.761 [Thread-0] WARN  FloatLine: Parameter is null
2022-12-04 18:30:46.763 [Thread-0] WARN  FloatLine: Parameter is null
2022-12-04 18:30:46.764 [Thread-0] WARN  FloatLine: Parameter is null
2022-12-04 18:30:46.767 [Thread-0] WARN  FloatLine: Parameter is null
2022-12-04 18:30:46.768 [Thread-0] WARN  FloatLine: Parameter is null
2022-12-04 18:30:46.772 [Thread-0] WARN  FloatLine: Parameter is null
2022-12-04 18:30:46.776 [Thread-0] WARN  FloatLine: Parameter is null
2022-12-04 18:30:46.778 [Thread-0] WARN  FloatLine: Parameter is null
2022-12-04 18:30:46.780 [Thread-0] WARN  FloatLine: Parameter is null
2022-12-04 18:30:46.782 [Thread-0] WARN  FloatLine: Parameter is null
2022-12-04 18:30:46.784 [Thread-0] WARN  FloatLine: Parameter is null
2022-12-04 18:30:46.787 [Thread-0] WARN  FloatLine: Parameter is null
2022-12-04 18:30:46.789 [Thread-0] WARN  FloatLine: Parameter is null
2022-12-04 18:30:46.792 [Thread-0] WARN  FloatLine: Parameter is null
2022-12-04 18:30:46.795 [Thread-0] WARN  FloatLine: Parameter is null
2022-12-04 18:30:46.798 [Thread-0] WARN  FloatLine: Parameter is null
2022-12-04 18:30:46.801 [Thread-0] WARN  FloatLine: Parameter is null
2022-12-04 18:30:46.804 [Thread-0] WARN  FloatLine: Parameter is null
2022-12-04 18:30:46.806 [Thread-0] WARN  FloatLine: Parameter is null
2022-12-04 18:30:46.809 [Thread-0] WARN  FloatLine: Parameter is null
2022-12-04 18:30:46.811 [Thread-0] WARN  FloatLine: Parameter is null
2022-12-04 18:30:46.818 [Thread-0] WARN  FloatLine: Parameter is null
2022-12-04 18:30:46.821 [Thread-0] WARN  FloatLine: Parameter is null
2022-12-04 18:30:46.826 [Thread-0] WARN  FloatLine: Parameter is null
2022-12-04 18:30:46.828 [Thread-0] WARN  FloatLine: Parameter is null
2022-12-04 18:30:46.830 [Thread-0] WARN  FloatLine: Parameter is null
2022-12-04 18:30:46.832 [Thread-0] WARN  FloatLine: Parameter is null
2022-12-04 18:30:46.835 [Thread-0] WARN  FloatLine: Parameter is null
2022-12-04 18:30:46.840 [Thread-0] WARN  FloatLine: Parameter is null
2022-12-04 18:30:46.843 [Thread-0] WARN  FloatLine: Parameter is null
2022-12-04 18:30:46.845 [Thread-0] WARN  FloatLine: Parameter is null
2022-12-04 18:30:46.848 [Thread-0] WARN  FloatLine: Parameter is null
2022-12-04 18:30:46.850 [Thread-0] WARN  FloatLine: Parameter is null
2022-12-04 18:30:46.858 [Thread-0] WARN  FloatLine: Parameter is null
2022-12-04 18:30:46.862 [Thread-0] WARN  FloatLine: Parameter is null
2022-12-04 18:30:46.865 [Thread-0] WARN  FloatLine: Parameter is null
2022-12-04 18:30:46.869 [Thread-0] WARN  FloatLine: Parameter is null
2022-12-04 18:30:46.872 [Thread-0] WARN  FloatLine: Parameter is null
2022-12-04 18:30:46.875 [Thread-0] WARN  FloatLine: Parameter is null
2022-12-04 18:30:46.878 [Thread-0] WARN  FloatLine: Parameter is null
2022-12-04 18:30:46.881 [Thread-0] WARN  FloatLine: Parameter is null
2022-12-04 18:30:46.884 [Thread-0] WARN  FloatLine: Parameter is null
2022-12-04 18:30:46.888 [Thread-0] WARN  FloatLine: Parameter is null
2022-12-04 18:30:46.890 [Thread-0] WARN  FloatLine: Parameter is null
2022-12-04 18:30:46.893 [Thread-0] WARN  FloatLine: Parameter is null
2022-12-04 18:30:46.907 [Thread-0] WARN  FloatLine: Parameter is null
2022-12-04 18:30:46.910 [Thread-0] WARN  FloatLine: Parameter is null
2022-12-04 18:30:46.914 [Thread-0] WARN  FloatLine: Parameter is null
2022-12-04 18:30:46.916 [Thread-0] WARN  FloatLine: Parameter is null
2022-12-04 18:30:46.920 [Thread-0] WARN  FloatLine: Parameter is null
2022-12-04 18:30:46.923 [Thread-0] WARN  FloatLine: Parameter is null
2022-12-04 18:30:46.927 [Thread-0] WARN  FloatLine: Parameter is null
2022-12-04 18:30:46.930 [Thread-0] WARN  FloatLine: Parameter is null
2022-12-04 18:30:46.932 [Thread-0] WARN  FloatLine: Parameter is null
2022-12-04 18:30:46.936 [Thread-0] WARN  FloatLine: Parameter is null
2022-12-04 18:30:46.938 [Thread-0] WARN  FloatLine: Parameter is null
2022-12-04 18:30:46.942 [Thread-0] WARN  FloatLine: Parameter is null
2022-12-04 18:30:46.946 [Thread-0] WARN  FloatLine: Parameter is null
2022-12-04 18:30:46.949 [Thread-0] WARN  FloatLine: Parameter is null
2022-12-04 18:30:46.951 [Thread-0] WARN  FloatLine: Parameter is null
2022-12-04 18:30:46.957 [Thread-0] WARN  FloatLine: Parameter is null
2022-12-04 18:30:46.962 [Thread-0] WARN  FloatLine: Parameter is null
2022-12-04 18:30:46.966 [Thread-0] WARN  FloatLine: Parameter is null
2022-12-04 18:30:46.981 [Thread-0] WARN  FloatLine: Parameter is null
2022-12-04 18:30:46.992 [Thread-0] WARN  FloatLine: Parameter is null
2022-12-04 18:30:47.003 [Thread-0] WARN  FloatLine: Parameter is null
2022-12-04 18:30:47.009 [Thread-0] WARN  FloatLine: Parameter is null
2022-12-04 18:30:47.018 [Thread-0] WARN  FloatLine: Parameter is null
2022-12-04 18:30:47.026 [Thread-0] WARN  FloatLine: Parameter is null
2022-12-04 18:30:47.031 [Thread-0] WARN  FloatLine: Parameter is null
2022-12-04 18:30:47.036 [Thread-0] WARN  FloatLine: Parameter is null
2022-12-04 18:30:47.042 [Thread-0] WARN  FloatLine: Parameter is null
2022-12-04 18:30:47.045 [Thread-0] WARN  FloatLine: Parameter is null
2022-12-04 18:30:47.049 [Thread-0] WARN  FloatLine: Parameter is null
2022-12-04 18:30:47.054 [Thread-0] WARN  FloatLine: Parameter is null
2022-12-04 18:30:47.059 [Thread-0] WARN  FloatLine: Parameter is null
2022-12-04 18:30:47.066 [Thread-0] WARN  FloatLine: Parameter is null
2022-12-04 18:30:47.072 [Thread-0] WARN  FloatLine: Parameter is null
2022-12-04 18:30:47.078 [Thread-0] WARN  FloatLine: Parameter is null
2022-12-04 18:30:47.083 [Thread-0] WARN  FloatLine: Parameter is null
2022-12-04 18:30:47.089 [Thread-0] WARN  FloatLine: Parameter is null
2022-12-04 18:30:47.095 [Thread-0] WARN  FloatLine: Parameter is null
2022-12-04 18:30:47.101 [Thread-0] WARN  FloatLine: Parameter is null
2022-12-04 18:30:47.107 [Thread-0] WARN  FloatLine: Parameter is null
2022-12-04 18:30:47.111 [Thread-0] WARN  FloatLine: Parameter is null
2022-12-04 18:30:47.116 [Thread-0] WARN  FloatLine: Parameter is null
2022-12-04 18:30:47.122 [Thread-0] WARN  FloatLine: Parameter is null
2022-12-04 18:30:48.668 [Thread-0] TRACE Method 'BatchAutorouter.autoroute_pass #1 on board '964377da232b7416a7941dadeb9110c6' making 1156 changes' was performed in 2.47 seconds.
2022-12-04 18:30:48.786 [Thread-0] TRACE Method 'BatchAutorouter.autoroute_pass #2 on board '6014fb5bfa283bb7ce982c6090d93615' making 10 changes' was performed in 0.07 seconds.
2022-12-04 18:30:48.879 [Thread-0] TRACE Method 'BatchAutorouter.autoroute_pass #3 on board '7b5e8179879333e73e35a2e564c229dc' making 0 changes' was performed in 0.05 seconds.
2022-12-04 18:30:48.879 [Thread-0] TRACE Method 'BatchAutorouterThread.thread_action()-autorouting' was performed in 2.83 seconds.
2022-12-04 18:30:48.880 [Thread-0] INFO  Auto-routing was completed in 2.83 seconds.
2022-12-04 18:30:48.880 [Thread-0] INFO  Starting route optimization on 11 threads...
2022-12-04 18:31:05.586 [Thread-0] TRACE Method 'BatchOptRouteMT.opt_route_pass #1 with 0 items, 24 vias and 5,691,289.98 trace length running on 11 threads.' was performed in 16.70 seconds.
2022-12-04 18:31:22.918 [AWT-EventQueue-0] INFO  Saving 'C:\Users\Envy\Documents\GitHub\Env-H88-KA-COM\KiCad files\freerouting.bin'...
2022-12-04 18:31:23.264 [Thread-0] ERROR Cannot read field "item_list" because "this.routing_board" is null
java.lang.NullPointerException: Cannot read field "item_list" because "this.routing_board" is null
	at app.freerouting.autoroute.OptimizeRouteTask.findItemOnBoard(OptimizeRouteTask.java:38) ~[freerouting-1.6.2.jar:unspecified]
	at app.freerouting.autoroute.OptimizeRouteTask.<init>(OptimizeRouteTask.java:27) ~[freerouting-1.6.2.jar:unspecified]
	at app.freerouting.autoroute.BatchOptRouteMT.opt_route_pass(BatchOptRouteMT.java:270) ~[freerouting-1.6.2.jar:unspecified]
	at app.freerouting.autoroute.BatchOptRoute.optimize_board(BatchOptRoute.java:110) ~[freerouting-1.6.2.jar:unspecified]
	at app.freerouting.interactive.BatchAutorouterThread.thread_action(BatchAutorouterThread.java:104) ~[freerouting-1.6.2.jar:unspecified]
	at app.freerouting.interactive.InteractiveActionThread.run(InteractiveActionThread.java:49) ~[freerouting-1.6.2.jar:unspecified]
2022-12-04 18:31:23.266 [Thread-13] ERROR Exception in thread pool worker thread: Thread[Thread-13,5,main]
java.lang.NullPointerException: Cannot read field "autoroute_settings" because the return value of "app.freerouting.interactive.BoardHandling.get_settings()" is null
	at app.freerouting.autoroute.BatchOptRoute.opt_route_item(BatchOptRoute.java:246) ~[freerouting-1.6.2.jar:unspecified]
	at app.freerouting.autoroute.OptimizeRouteTask.run(OptimizeRouteTask.java:67) ~[freerouting-1.6.2.jar:unspecified]
	at java.util.concurrent.ThreadPoolExecutor.runWorker(ThreadPoolExecutor.java:1136) ~[?:?]
	at java.util.concurrent.ThreadPoolExecutor$Worker.run(ThreadPoolExecutor.java:635) ~[?:?]
	at java.lang.Thread.run(Thread.java:833) ~[?:?]
2022-12-04 18:31:23.273 [Thread-18] ERROR Exception in thread pool worker thread: Thread[Thread-18,5,main]
java.lang.NullPointerException: Cannot invoke "app.freerouting.interactive.Settings.get_trace_pull_tight_accuracy()" because the return value of "app.freerouting.interactive.BoardHandling.get_settings()" is null
	at app.freerouting.autoroute.BatchAutorouter.remove_tails(BatchAutorouter.java:316) ~[freerouting-1.6.2.jar:unspecified]
	at app.freerouting.autoroute.BatchAutorouter.autoroute_passes_for_optimizing_item(BatchAutorouter.java:113) ~[freerouting-1.6.2.jar:unspecified]
	at app.freerouting.autoroute.BatchOptRoute.opt_route_item(BatchOptRoute.java:255) ~[freerouting-1.6.2.jar:unspecified]
	at app.freerouting.autoroute.OptimizeRouteTask.run(OptimizeRouteTask.java:67) ~[freerouting-1.6.2.jar:unspecified]
	at java.util.concurrent.ThreadPoolExecutor.runWorker(ThreadPoolExecutor.java:1136) ~[?:?]
	at java.util.concurrent.ThreadPoolExecutor$Worker.run(ThreadPoolExecutor.java:635) ~[?:?]
	at java.lang.Thread.run(Thread.java:833) ~[?:?]
2022-12-04 18:31:23.281 [Thread-0] TRACE Method 'BatchAutorouterThread.thread_action()' was performed in 37.24 seconds.
